Using pre-set license
Built from '2020.3/release' branch; Version is '2020.3.1f1 (77a89f25062f) revision 7841951'; Using compiler version '192528614'; Build Type 'Release'
OS: 'Windows 10 Pro; OS build 19041.867; Version 2004; 64bit' Language: 'en' Physical Memory: 32717 MB
BatchMode: 1, IsHumanControllingUs: 0, StartBugReporterOnCrash: 0, Is64bit: 1, IsPro: 0

 COMMAND LINE ARGUMENTS:
C:\Program Files\Unity\Hub\Editor\2020.3.1f1\Editor\Unity.exe
-adb2
-batchMode
-noUpm
-name
AssetImportWorker0
-projectPath
C:/School/2250/GitHub RPGGame/se2550_ggerges2/RPGGame
-logFile
Logs/AssetImportWorker0.log
-srvPort
52082
Successfully changed project path to: C:/School/2250/GitHub RPGGame/se2550_ggerges2/RPGGame
C:/School/2250/GitHub RPGGame/se2550_ggerges2/RPGGame
Using Asset Import Pipeline V2.
Refreshing native plugins compatible for Editor in 30.98 ms, found 1 plugins.
Preloading 0 native plugins for Editor in 0.00 ms.
Initialize engine version: 2020.3.1f1 (77a89f25062f)
[Subsystems] Discovering subsystems at path C:/Program Files/Unity/Hub/Editor/2020.3.1f1/Editor/Data/Resources/UnitySubsystems
[Subsystems] Discovering subsystems at path C:/School/2250/GitHub RPGGame/se2550_ggerges2/RPGGame/Assets
GfxDevice: creating device client; threaded=0
Direct3D:
    Version:  Direct3D 11.0 [level 11.1]
    Renderer: NVIDIA GeForce RTX 2070 SUPER (ID=0x1e84)
    Vendor:   
    VRAM:     8011 MB
    Driver:   27.21.14.6079
Initialize mono
Mono path[0] = 'C:/Program Files/Unity/Hub/Editor/2020.3.1f1/Editor/Data/Managed'
Mono path[1] = 'C:/Program Files/Unity/Hub/Editor/2020.3.1f1/Editor/Data/MonoBleedingEdge/lib/mono/unityjit'
Mono config path = 'C:/Program Files/Unity/Hub/Editor/2020.3.1f1/Editor/Data/MonoBleedingEdge/etc'
Using monoOptions --debugger-agent=transport=dt_socket,embedding=1,server=y,suspend=n,address=127.0.0.1:56408
Begin MonoManager ReloadAssembly
Registering precompiled unity dll's ...
Register platform support module: C:/Program Files/Unity/Hub/Editor/2020.3.1f1/Editor/Data/PlaybackEngines/WindowsStandaloneSupport/UnityEditor.WindowsStandalone.Extensions.dll
Registered in 0.001481 seconds.
Native extension for WindowsStandalone target not found
Refreshing native plugins compatible for Editor in 31.19 ms, found 1 plugins.
Preloading 0 native plugins for Editor in 0.00 ms.
Invoked RoslynAnalysisRunner static constructor.
RoslynAnalysisRunner will not be running.
RoslynAnalysisRunner has terminated.
Mono: successfully reloaded assembly
- Completed reload, in  0.753 seconds
Platform modules already initialized, skipping
Registering precompiled user dll's ...
Registered in 0.000651 seconds.
Begin MonoManager ReloadAssembly
Native extension for WindowsStandalone target not found
Refreshing native plugins compatible for Editor in 31.99 ms, found 1 plugins.
Preloading 0 native plugins for Editor in 0.00 ms.
Invoked RoslynAnalysisRunner static constructor.
RoslynAnalysisRunner will not be running.
RoslynAnalysisRunner has terminated.
Mono: successfully reloaded assembly
- Completed reload, in  0.716 seconds
Platform modules already initialized, skipping
========================================================================
Worker process is ready to serve import requests
Launched and connected shader compiler UnityShaderCompiler.exe after 0.03 seconds
Refreshing native plugins compatible for Editor in 0.34 ms, found 1 plugins.
Preloading 0 native plugins for Editor in 0.00 ms.
Unloading 1824 Unused Serialized files (Serialized files now loaded: 0)
System memory in use before: 86.7 MB.
System memory in use after: 86.8 MB.

Unloading 18 unused Assets to reduce memory usage. Loaded Objects now: 2275.
Total: 1.620900 ms (FindLiveObjects: 0.197900 ms CreateObjectMapping: 0.041500 ms MarkObjects: 1.361500 ms  DeleteObjects: 0.019100 ms)

========================================================================
Received Import Request.
  path: Assets/_Scripts
  artifactKey: Guid(dbab67a0e07232144a7599c052e704cc) Importer(815301076,1909f56bfc062723c751e8b465ee728b)
Start importing Assets/_Scripts using Guid(dbab67a0e07232144a7599c052e704cc) Importer(815301076,1909f56bfc062723c751e8b465ee728b)  -> (artifact id: 'cce8d9246ccd56427e207443ce43b269') in 0.009799 seconds
  Import took 0.012919 seconds .

========================================================================
Received Import Request.
  Time since last request: 28.695357 seconds.
  path: Assets/_Scripts/CharacterSelection.cs
  artifactKey: Guid(d085a695367793a48bfc25ddf4e83c21) Importer(815301076,1909f56bfc062723c751e8b465ee728b)
Start importing Assets/_Scripts/CharacterSelection.cs using Guid(d085a695367793a48bfc25ddf4e83c21) Importer(815301076,1909f56bfc062723c751e8b465ee728b)  -> (artifact id: 'd9724da647f939a9750dbf4eb5be9ea0') in 0.026655 seconds
  Import took 0.029180 seconds .

========================================================================
Received Import Request.
  Time since last request: 2.591417 seconds.
  path: Assets/_Scripts/playerController.cs
  artifactKey: Guid(31d0d51e3264cbf43b2c15c7fcd591e7) Importer(815301076,1909f56bfc062723c751e8b465ee728b)
Start importing Assets/_Scripts/playerController.cs using Guid(31d0d51e3264cbf43b2c15c7fcd591e7) Importer(815301076,1909f56bfc062723c751e8b465ee728b)  -> (artifact id: 'e313ad22d7fc9a500f164d624ed064cb') in 0.005316 seconds
  Import took 0.007828 seconds .

========================================================================
Received Import Request.
  Time since last request: 0.000921 seconds.
  path: Assets/_Scripts/playerController.cs
  artifactKey: Guid(31d0d51e3264cbf43b2c15c7fcd591e7) Importer(815301076,1909f56bfc062723c751e8b465ee728b)
Start importing Assets/_Scripts/playerController.cs using Guid(31d0d51e3264cbf43b2c15c7fcd591e7) Importer(815301076,1909f56bfc062723c751e8b465ee728b)  -> (artifact id: 'e313ad22d7fc9a500f164d624ed064cb') in 0.002222 seconds
  Import took 0.004574 seconds .

========================================================================
Received Prepare
Registering precompiled user dll's ...
Registered in 0.000687 seconds.
Begin MonoManager ReloadAssembly
Native extension for WindowsStandalone target not found
Refreshing native plugins compatible for Editor in 0.34 ms, found 1 plugins.
Preloading 0 native plugins for Editor in 0.00 ms.
Invoked RoslynAnalysisRunner static constructor.
RoslynAnalysisRunner will not be running.
RoslynAnalysisRunner has terminated.
Mono: successfully reloaded assembly
- Completed reload, in  0.659 seconds
Platform modules already initialized, skipping
Refreshing native plugins compatible for Editor in 0.53 ms, found 1 plugins.
Preloading 0 native plugins for Editor in 0.00 ms.
Unloading 1802 Unused Serialized files (Serialized files now loaded: 0)
System memory in use before: 85.4 MB.
System memory in use after: 85.5 MB.

Unloading 8 unused Assets to reduce memory usage. Loaded Objects now: 2278.
Total: 1.665800 ms (FindLiveObjects: 0.184900 ms CreateObjectMapping: 0.038000 ms MarkObjects: 1.422400 ms  DeleteObjects: 0.019600 ms)

========================================================================
Received Import Request.
  Time since last request: 295.104876 seconds.
  path: Assets/__Prefabs/Player Boy.prefab
  artifactKey: Guid(f71b4ac47d9b52b49b4d4c51ecbb785f) Importer(815301076,1909f56bfc062723c751e8b465ee728b)
Start importing Assets/__Prefabs/Player Boy.prefab using Guid(f71b4ac47d9b52b49b4d4c51ecbb785f) Importer(815301076,1909f56bfc062723c751e8b465ee728b)  -> (artifact id: 'cf580b9f64e5eb3d69950595b507f18a') in 0.066553 seconds
  Import took 0.069267 seconds .

========================================================================
Received Import Request.
  Time since last request: 0.000138 seconds.
  path: Assets/__Prefabs/ratEnemyPH.prefab
  artifactKey: Guid(e267506ccb30fd94b99225e132ee3c0d) Importer(815301076,1909f56bfc062723c751e8b465ee728b)
Start importing Assets/__Prefabs/ratEnemyPH.prefab using Guid(e267506ccb30fd94b99225e132ee3c0d) Importer(815301076,1909f56bfc062723c751e8b465ee728b)  -> (artifact id: '798b9695f5bbcc3c2149470a2310d707') in 0.012738 seconds
  Import took 0.015034 seconds .

========================================================================
Received Import Request.
  Time since last request: 0.000149 seconds.
  path: Assets/__Prefabs/Player Boy.prefab
  artifactKey: Guid(f71b4ac47d9b52b49b4d4c51ecbb785f) Importer(815301076,1909f56bfc062723c751e8b465ee728b)
Start importing Assets/__Prefabs/Player Boy.prefab using Guid(f71b4ac47d9b52b49b4d4c51ecbb785f) Importer(815301076,1909f56bfc062723c751e8b465ee728b)  -> (artifact id: 'cf580b9f64e5eb3d69950595b507f18a') in 0.006237 seconds
  Import took 0.008596 seconds .

========================================================================
Received Import Request.
  Time since last request: 0.000153 seconds.
  path: Assets/__Prefabs/Player Girl.prefab
  artifactKey: Guid(baf5e9bac96db1a46bfbdf1edc61ecf3) Importer(815301076,1909f56bfc062723c751e8b465ee728b)
Start importing Assets/__Prefabs/Player Girl.prefab using Guid(baf5e9bac96db1a46bfbdf1edc61ecf3) Importer(815301076,1909f56bfc062723c751e8b465ee728b)  -> (artifact id: '8105f583565a4fc33f339ce100675105') in 0.006284 seconds
  Import took 0.008508 seconds .

========================================================================
Received Import Request.
  Time since last request: 8.318680 seconds.
  path: Assets/__Prefabs/Player Boy.prefab
  artifactKey: Guid(f71b4ac47d9b52b49b4d4c51ecbb785f) Importer(815301076,1909f56bfc062723c751e8b465ee728b)
Start importing Assets/__Prefabs/Player Boy.prefab using Guid(f71b4ac47d9b52b49b4d4c51ecbb785f) Importer(815301076,1909f56bfc062723c751e8b465ee728b)  -> (artifact id: 'f5c0b0830a948f25ef4395b19659e6e3') in 0.002957 seconds
  Import took 0.005493 seconds .

========================================================================
Received Import Request.
  Time since last request: 5.566183 seconds.
  path: Assets/__Images/Level 1/apple.png
  artifactKey: Guid(4e6033c17f9d44bad8b3a92e6d3737c6) Importer(815301076,1909f56bfc062723c751e8b465ee728b)
Start importing Assets/__Images/Level 1/apple.png using Guid(4e6033c17f9d44bad8b3a92e6d3737c6) Importer(815301076,1909f56bfc062723c751e8b465ee728b)  -> (artifact id: 'd3fee5cd7ea2c2355b996ef879b596ce') in 0.046634 seconds
  Import took 0.049217 seconds .

========================================================================
Received Import Request.
  Time since last request: 0.000131 seconds.
  path: Assets/__Images/Level 1/arrow.png
  artifactKey: Guid(572a2bd92b01a44d8b898fec191d3a93) Importer(815301076,1909f56bfc062723c751e8b465ee728b)
Start importing Assets/__Images/Level 1/arrow.png using Guid(572a2bd92b01a44d8b898fec191d3a93) Importer(815301076,1909f56bfc062723c751e8b465ee728b)  -> (artifact id: '6d0bf13857f34f8c9e76c92539b8691e') in 0.012268 seconds
  Import took 0.014527 seconds .

========================================================================
Received Import Request.
  Time since last request: 0.000150 seconds.
  path: Assets/__Images/Level 1/apple.png
  artifactKey: Guid(4e6033c17f9d44bad8b3a92e6d3737c6) Importer(815301076,1909f56bfc062723c751e8b465ee728b)
Start importing Assets/__Images/Level 1/apple.png using Guid(4e6033c17f9d44bad8b3a92e6d3737c6) Importer(815301076,1909f56bfc062723c751e8b465ee728b)  -> (artifact id: 'd3fee5cd7ea2c2355b996ef879b596ce') in 0.006825 seconds
  Import took 0.009068 seconds .

========================================================================
Received Import Request.
  Time since last request: 0.000122 seconds.
  path: Assets/__Images/Level 1/arrow.png
  artifactKey: Guid(572a2bd92b01a44d8b898fec191d3a93) Importer(815301076,1909f56bfc062723c751e8b465ee728b)
Start importing Assets/__Images/Level 1/arrow.png using Guid(572a2bd92b01a44d8b898fec191d3a93) Importer(815301076,1909f56bfc062723c751e8b465ee728b)  -> (artifact id: '6d0bf13857f34f8c9e76c92539b8691e') in 0.006763 seconds
  Import took 0.008935 seconds .

========================================================================
Received Import Request.
  Time since last request: 0.000132 seconds.
  path: Assets/Medieval Warrior Pack/Sprites/Attack1.png
  artifactKey: Guid(436f7e3fce8b2fb4a86074ec1b14efdf) Importer(815301076,1909f56bfc062723c751e8b465ee728b)
Start importing Assets/Medieval Warrior Pack/Sprites/Attack1.png using Guid(436f7e3fce8b2fb4a86074ec1b14efdf) Importer(815301076,1909f56bfc062723c751e8b465ee728b)  -> (artifact id: '1a8beb526cc3c8ba289828672dc812a8') in 0.017992 seconds
  Import took 0.020353 seconds .

========================================================================
Received Import Request.
  Time since last request: 0.008897 seconds.
  path: Assets/Medieval Warrior Pack/Sprites/Attack1.png
  artifactKey: Guid(436f7e3fce8b2fb4a86074ec1b14efdf) Importer(815301076,1909f56bfc062723c751e8b465ee728b)
Start importing Assets/Medieval Warrior Pack/Sprites/Attack1.png using Guid(436f7e3fce8b2fb4a86074ec1b14efdf) Importer(815301076,1909f56bfc062723c751e8b465ee728b)  -> (artifact id: '1a8beb526cc3c8ba289828672dc812a8') in 0.013453 seconds
  Import took 0.015752 seconds .

========================================================================
Received Import Request.
  Time since last request: 1.142805 seconds.
  path: Assets/Medieval Warrior Pack/Sprites/Attack2.png
  artifactKey: Guid(789874d4419b62d4b88074812a456faf) Importer(815301076,1909f56bfc062723c751e8b465ee728b)
Start importing Assets/Medieval Warrior Pack/Sprites/Attack2.png using Guid(789874d4419b62d4b88074812a456faf) Importer(815301076,1909f56bfc062723c751e8b465ee728b)  -> (artifact id: '6a0e77f1cc2db76950abb5ea544bc693') in 0.016195 seconds
  Import took 0.018751 seconds .

========================================================================
Received Import Request.
  Time since last request: 0.367702 seconds.
  path: Assets/__Images/Level 1/axe.png
  artifactKey: Guid(ca654b467dea5438da79cb7f5617f687) Importer(815301076,1909f56bfc062723c751e8b465ee728b)
Start importing Assets/__Images/Level 1/axe.png using Guid(ca654b467dea5438da79cb7f5617f687) Importer(815301076,1909f56bfc062723c751e8b465ee728b)  -> (artifact id: 'fb9815e2b4129fb76fd692c8e0d96683') in 0.011648 seconds
  Import took 0.014254 seconds .

========================================================================
Received Import Request.
  Time since last request: 0.001862 seconds.
  path: Assets/__Images/Level 1/axe.png
  artifactKey: Guid(ca654b467dea5438da79cb7f5617f687) Importer(815301076,1909f56bfc062723c751e8b465ee728b)
Start importing Assets/__Images/Level 1/axe.png using Guid(ca654b467dea5438da79cb7f5617f687) Importer(815301076,1909f56bfc062723c751e8b465ee728b)  -> (artifact id: 'fb9815e2b4129fb76fd692c8e0d96683') in 0.006556 seconds
  Import took 0.008792 seconds .

========================================================================
Received Import Request.
  Time since last request: 0.036549 seconds.
  path: Assets/__Images/Level 1/Background/Background.png
  artifactKey: Guid(3858c340c60f04e48876455ebc401309) Importer(815301076,1909f56bfc062723c751e8b465ee728b)
Start importing Assets/__Images/Level 1/Background/Background.png using Guid(3858c340c60f04e48876455ebc401309) Importer(815301076,1909f56bfc062723c751e8b465ee728b)  -> (artifact id: '4ed02a6eaad7842ea62f2246ee4b4425') in 0.013831 seconds
  Import took 0.016340 seconds .

========================================================================
Received Import Request.
  Time since last request: 0.000130 seconds.
  path: Assets/__Images/Level 1/Background_Scene1_Draft2.png
  artifactKey: Guid(d09254e9ed1ed524b9524149421fa141) Importer(815301076,1909f56bfc062723c751e8b465ee728b)
Start importing Assets/__Images/Level 1/Background_Scene1_Draft2.png using Guid(d09254e9ed1ed524b9524149421fa141) Importer(815301076,1909f56bfc062723c751e8b465ee728b)  -> (artifact id: '97bb54dd43bcb5efa3e8822c04162301') in 0.015424 seconds
  Import took 0.017678 seconds .

========================================================================
Received Import Request.
  Time since last request: 0.000136 seconds.
  path: Assets/__Images/Level 1/Background/Background.png
  artifactKey: Guid(3858c340c60f04e48876455ebc401309) Importer(815301076,1909f56bfc062723c751e8b465ee728b)
Start importing Assets/__Images/Level 1/Background/Background.png using Guid(3858c340c60f04e48876455ebc401309) Importer(815301076,1909f56bfc062723c751e8b465ee728b)  -> (artifact id: '4ed02a6eaad7842ea62f2246ee4b4425') in 0.006080 seconds
  Import took 0.008591 seconds .

========================================================================
Received Import Request.
  Time since last request: 0.187992 seconds.
  path: Assets/__Images/Level 1/Background_Scene1_Forest.png
  artifactKey: Guid(6e250b9348726214a8cbe1987c4cfcb9) Importer(815301076,1909f56bfc062723c751e8b465ee728b)
Start importing Assets/__Images/Level 1/Background_Scene1_Forest.png using Guid(6e250b9348726214a8cbe1987c4cfcb9) Importer(815301076,1909f56bfc062723c751e8b465ee728b)  -> (artifact id: 'a46566009349aed0b69051918b63a014') in 0.012541 seconds
  Import took 0.015112 seconds .

========================================================================
Received Import Request.
  Time since last request: 0.000556 seconds.
  path: Assets/__Images/Level 1/Background_Scene1_Forest.png
  artifactKey: Guid(6e250b9348726214a8cbe1987c4cfcb9) Importer(815301076,1909f56bfc062723c751e8b465ee728b)
Start importing Assets/__Images/Level 1/Background_Scene1_Forest.png using Guid(6e250b9348726214a8cbe1987c4cfcb9) Importer(815301076,1909f56bfc062723c751e8b465ee728b)  -> (artifact id: 'a46566009349aed0b69051918b63a014') in 0.011102 seconds
  Import took 0.013360 seconds .

========================================================================
Received Import Request.
  Time since last request: 0.030953 seconds.
  path: Assets/__Images/Level 1/banana.png
  artifactKey: Guid(53f613b6e5d3e4561a5bb745ffc9cfe3) Importer(815301076,1909f56bfc062723c751e8b465ee728b)
Start importing Assets/__Images/Level 1/banana.png using Guid(53f613b6e5d3e4561a5bb745ffc9cfe3) Importer(815301076,1909f56bfc062723c751e8b465ee728b)  -> (artifact id: '8b6020c29bf64fae75693a3db1247da8') in 0.014521 seconds
  Import took 0.017203 seconds .

========================================================================
Received Import Request.
  Time since last request: 0.000131 seconds.
  path: Assets/__Images/Level 1/Bar2.png
  artifactKey: Guid(ade8513992158f947804daa98f26100d) Importer(815301076,1909f56bfc062723c751e8b465ee728b)
Start importing Assets/__Images/Level 1/Bar2.png using Guid(ade8513992158f947804daa98f26100d) Importer(815301076,1909f56bfc062723c751e8b465ee728b)  -> (artifact id: 'c82c67d995264a744474545fef10d35b') in 0.011613 seconds
  Import took 0.013813 seconds .

========================================================================
Received Import Request.
  Time since last request: 0.000132 seconds.
  path: Assets/__Images/Level 1/Bar.png
  artifactKey: Guid(0330b1910cdeb47828e91b37e640f629) Importer(815301076,1909f56bfc062723c751e8b465ee728b)
Start importing Assets/__Images/Level 1/Bar.png using Guid(0330b1910cdeb47828e91b37e640f629) Importer(815301076,1909f56bfc062723c751e8b465ee728b)  -> (artifact id: '2ce43f2959bedd28bcfbb870c364d195') in 0.011556 seconds
  Import took 0.013768 seconds .

========================================================================
Received Import Request.
  Time since last request: 0.204182 seconds.
  path: Assets/__Images/Level 1/bowarrow.png
  artifactKey: Guid(b8e0da73ec79a47b28d3f8d5e19dc329) Importer(815301076,1909f56bfc062723c751e8b465ee728b)
Start importing Assets/__Images/Level 1/bowarrow.png using Guid(b8e0da73ec79a47b28d3f8d5e19dc329) Importer(815301076,1909f56bfc062723c751e8b465ee728b)  -> (artifact id: '3933e63726a5c7c7fd0acce325c4f1a4') in 0.011881 seconds
  Import took 0.014440 seconds .

========================================================================
Received Import Request.
  Time since last request: 0.002408 seconds.
  path: Assets/__Images/Level 1/bowarrow.png
  artifactKey: Guid(b8e0da73ec79a47b28d3f8d5e19dc329) Importer(815301076,1909f56bfc062723c751e8b465ee728b)
Start importing Assets/__Images/Level 1/bowarrow.png using Guid(b8e0da73ec79a47b28d3f8d5e19dc329) Importer(815301076,1909f56bfc062723c751e8b465ee728b)  -> (artifact id: '3933e63726a5c7c7fd0acce325c4f1a4') in 0.008154 seconds
  Import took 0.010421 seconds .

========================================================================
Received Import Request.
  Time since last request: 0.029438 seconds.
  path: Assets/__Images/Level 1/boy_run.png
  artifactKey: Guid(c493fbe489f57b142a602730f0bbbed3) Importer(815301076,1909f56bfc062723c751e8b465ee728b)
Start importing Assets/__Images/Level 1/boy_run.png using Guid(c493fbe489f57b142a602730f0bbbed3) Importer(815301076,1909f56bfc062723c751e8b465ee728b)  -> (artifact id: 'c6b5339d7c24d3161c5197000e369bd0') in 0.024016 seconds
  Import took 0.026557 seconds .

========================================================================
Received Import Request.
  Time since last request: 1.001328 seconds.
  path: Assets/__Images/Level 1/cabin.psd
  artifactKey: Guid(43ffc87efb7699947891cb16c8d3acaa) Importer(815301076,1909f56bfc062723c751e8b465ee728b)
Start importing Assets/__Images/Level 1/cabin.psd using Guid(43ffc87efb7699947891cb16c8d3acaa) Importer(815301076,1909f56bfc062723c751e8b465ee728b)  -> (artifact id: '0d1362a07258b1134cf1ebf2ea7d9f9b') in 0.013661 seconds
  Import took 0.016172 seconds .

========================================================================
Received Import Request.
  Time since last request: 0.027543 seconds.
  path: Assets/__Images/Level 1/Background/Cabin.png
  artifactKey: Guid(e960a4e6c78af294f962765466cf7806) Importer(815301076,1909f56bfc062723c751e8b465ee728b)
Start importing Assets/__Images/Level 1/Background/Cabin.png using Guid(e960a4e6c78af294f962765466cf7806) Importer(815301076,1909f56bfc062723c751e8b465ee728b)  -> (artifact id: 'f0f96fd1cba9471058dbbb403b1a31a3') in 0.011642 seconds
  Import took 0.014186 seconds .

========================================================================
Received Import Request.
  Time since last request: 0.192023 seconds.
  path: Assets/__Images/Level 1/cherry.png
  artifactKey: Guid(af7e361c52b9a4265b0c5167cd4f0964) Importer(815301076,1909f56bfc062723c751e8b465ee728b)
Start importing Assets/__Images/Level 1/cherry.png using Guid(af7e361c52b9a4265b0c5167cd4f0964) Importer(815301076,1909f56bfc062723c751e8b465ee728b)  -> (artifact id: 'bb88c64b6b926dcfd706adc311f6b3be') in 0.012090 seconds
  Import took 0.014637 seconds .

========================================================================
Received Import Request.
  Time since last request: 0.001222 seconds.
  path: Assets/__Images/Level 1/cherry.png
  artifactKey: Guid(af7e361c52b9a4265b0c5167cd4f0964) Importer(815301076,1909f56bfc062723c751e8b465ee728b)
Start importing Assets/__Images/Level 1/cherry.png using Guid(af7e361c52b9a4265b0c5167cd4f0964) Importer(815301076,1909f56bfc062723c751e8b465ee728b)  -> (artifact id: 'bb88c64b6b926dcfd706adc311f6b3be') in 0.006825 seconds
  Import took 0.009310 seconds .

========================================================================
Received Import Request.
  Time since last request: 0.000142 seconds.
  path: Assets/Medieval Warrior Pack/Sprites/Death.png
  artifactKey: Guid(4055dc142136ebe4c837144fc23419d3) Importer(815301076,1909f56bfc062723c751e8b465ee728b)
Start importing Assets/Medieval Warrior Pack/Sprites/Death.png using Guid(4055dc142136ebe4c837144fc23419d3) Importer(815301076,1909f56bfc062723c751e8b465ee728b)  -> (artifact id: 'e3a33338f31d76512a4b9c9b4af57a8f') in 0.022077 seconds
  Import took 0.024371 seconds .

========================================================================
Received Import Request.
  Time since last request: 0.856226 seconds.
  path: Assets/Medieval Warrior Pack/Sprites/Fall.png
  artifactKey: Guid(d05d588ffc7b32242b01180d10809589) Importer(815301076,1909f56bfc062723c751e8b465ee728b)
Start importing Assets/Medieval Warrior Pack/Sprites/Fall.png using Guid(d05d588ffc7b32242b01180d10809589) Importer(815301076,1909f56bfc062723c751e8b465ee728b)  -> (artifact id: 'fa8e2e4af75c53a96ab27d7d357e2bb7') in 0.013290 seconds
  Import took 0.015847 seconds .

========================================================================
Received Import Request.
  Time since last request: 0.030648 seconds.
  path: Assets/__Images/Level 1/girl_run.png
  artifactKey: Guid(7396008e41cb9b04fb4ada65441dfbd3) Importer(815301076,1909f56bfc062723c751e8b465ee728b)
Start importing Assets/__Images/Level 1/girl_run.png using Guid(7396008e41cb9b04fb4ada65441dfbd3) Importer(815301076,1909f56bfc062723c751e8b465ee728b)  -> (artifact id: 'ce2a2705c8e2776546399476d9dc2d40') in 0.018079 seconds
  Import took 0.020685 seconds .

========================================================================
Received Import Request.
  Time since last request: 0.542149 seconds.
  path: Assets/__Images/Level 1/Background/Ground and Clouds.png
  artifactKey: Guid(bc746e7d4cb68964bb6867e1e4d2268d) Importer(815301076,1909f56bfc062723c751e8b465ee728b)
Start importing Assets/__Images/Level 1/Background/Ground and Clouds.png using Guid(bc746e7d4cb68964bb6867e1e4d2268d) Importer(815301076,1909f56bfc062723c751e8b465ee728b)  -> (artifact id: 'cf18302dcb61fe6d25e4ac115a744e5d') in 0.011898 seconds
  Import took 0.014455 seconds .

========================================================================
Received Import Request.
  Time since last request: 0.000134 seconds.
  path: Assets/__Images/Level 1/heart.png
  artifactKey: Guid(5e5e85614be0a440b89cca5eaa47877f) Importer(815301076,1909f56bfc062723c751e8b465ee728b)
Start importing Assets/__Images/Level 1/heart.png using Guid(5e5e85614be0a440b89cca5eaa47877f) Importer(815301076,1909f56bfc062723c751e8b465ee728b)  -> (artifact id: 'ee2d1b8437382fee0c3fedaec2e30144') in 0.012269 seconds
  Import took 0.014481 seconds .

========================================================================
Received Import Request.
  Time since last request: 0.341643 seconds.
  path: Assets/__Images/Level 1/Heart 1.png
  artifactKey: Guid(af958f18610054cfa8085812a1eff56a) Importer(815301076,1909f56bfc062723c751e8b465ee728b)
Start importing Assets/__Images/Level 1/Heart 1.png using Guid(af958f18610054cfa8085812a1eff56a) Importer(815301076,1909f56bfc062723c751e8b465ee728b)  -> (artifact id: '888c65d71b9ce105f37d1e483b707c01') in 0.010878 seconds
  Import took 0.013464 seconds .

========================================================================
Received Import Request.
  Time since last request: 0.030180 seconds.
  path: Assets/Medieval Warrior Pack/Sprites/Hit.png
  artifactKey: Guid(c9d48a21f2d1f9a4ca9615965b1689eb) Importer(815301076,1909f56bfc062723c751e8b465ee728b)
Start importing Assets/Medieval Warrior Pack/Sprites/Hit.png using Guid(c9d48a21f2d1f9a4ca9615965b1689eb) Importer(815301076,1909f56bfc062723c751e8b465ee728b)  -> (artifact id: 'ec4f3bb60037d0388105fcaeb936e37d') in 0.014899 seconds
  Import took 0.017518 seconds .

========================================================================
Received Import Request.
  Time since last request: 0.036259 seconds.
  path: Assets/Medieval Warrior Pack/Sprites/Idle.png
  artifactKey: Guid(77ba605bbd83f4448bc8683510c3155e) Importer(815301076,1909f56bfc062723c751e8b465ee728b)
Start importing Assets/Medieval Warrior Pack/Sprites/Idle.png using Guid(77ba605bbd83f4448bc8683510c3155e) Importer(815301076,1909f56bfc062723c751e8b465ee728b)  -> (artifact id: 'a72d03a3d9582263eb0666616944e8c3') in 0.019087 seconds
  Import took 0.021665 seconds .

========================================================================
Received Import Request.
  Time since last request: 0.675388 seconds.
  path: Assets/Medieval Warrior Pack/Sprites/Jump.png
  artifactKey: Guid(206b2c968fc112143a4255529de21650) Importer(815301076,1909f56bfc062723c751e8b465ee728b)
Start importing Assets/Medieval Warrior Pack/Sprites/Jump.png using Guid(206b2c968fc112143a4255529de21650) Importer(815301076,1909f56bfc062723c751e8b465ee728b)  -> (artifact id: 'cec566c925d0e05a9f84bd7d202fe8dc') in 0.015028 seconds
  Import took 0.017608 seconds .

========================================================================
Received Import Request.
  Time since last request: 0.257016 seconds.
  path: Assets/__Images/Level 1/mushroom.png
  artifactKey: Guid(1387d7ce12fe344379557e41b4ed2385) Importer(815301076,1909f56bfc062723c751e8b465ee728b)
Start importing Assets/__Images/Level 1/mushroom.png using Guid(1387d7ce12fe344379557e41b4ed2385) Importer(815301076,1909f56bfc062723c751e8b465ee728b)  -> (artifact id: 'e37a0f1acfd483bafc89530deec71db1') in 0.012056 seconds
  Import took 0.014684 seconds .

========================================================================
Received Import Request.
  Time since last request: 0.001054 seconds.
  path: Assets/__Images/Level 1/mushroom.png
  artifactKey: Guid(1387d7ce12fe344379557e41b4ed2385) Importer(815301076,1909f56bfc062723c751e8b465ee728b)
Start importing Assets/__Images/Level 1/mushroom.png using Guid(1387d7ce12fe344379557e41b4ed2385) Importer(815301076,1909f56bfc062723c751e8b465ee728b)  -> (artifact id: 'e37a0f1acfd483bafc89530deec71db1') in 0.006663 seconds
  Import took 0.008971 seconds .

========================================================================
Received Import Request.
  Time since last request: 0.029707 seconds.
  path: Assets/__Images/Level 1/Background/Outside Trees.png
  artifactKey: Guid(7162578d0979b1145a24c8553fe95731) Importer(815301076,1909f56bfc062723c751e8b465ee728b)
Start importing Assets/__Images/Level 1/Background/Outside Trees.png using Guid(7162578d0979b1145a24c8553fe95731) Importer(815301076,1909f56bfc062723c751e8b465ee728b)  -> (artifact id: '1814a0db2f8e95ddd170acc31f8e7b4f') in 0.011827 seconds
  Import took 0.014452 seconds .

========================================================================
Received Import Request.
  Time since last request: 0.236341 seconds.
  path: Assets/__Images/Level 1/pear.png
  artifactKey: Guid(b4c1f3104b18643bdbd5f695dbad3305) Importer(815301076,1909f56bfc062723c751e8b465ee728b)
Start importing Assets/__Images/Level 1/pear.png using Guid(b4c1f3104b18643bdbd5f695dbad3305) Importer(815301076,1909f56bfc062723c751e8b465ee728b)  -> (artifact id: '94eae06b0831843126355efa64e6bf8b') in 0.012120 seconds
  Import took 0.014709 seconds .

========================================================================
Received Import Request.
  Time since last request: 0.025486 seconds.
  path: Assets/__Images/Level 1/ratEnemyPH.png
  artifactKey: Guid(1feae68940f08c8468d0284859b21cba) Importer(815301076,1909f56bfc062723c751e8b465ee728b)
Start importing Assets/__Images/Level 1/ratEnemyPH.png using Guid(1feae68940f08c8468d0284859b21cba) Importer(815301076,1909f56bfc062723c751e8b465ee728b)  -> (artifact id: '433e44c3c97dc83b4d9522b76fb9da57') in 0.009184 seconds
  Import took 0.011703 seconds .

========================================================================
Received Import Request.
  Time since last request: 0.032063 seconds.
  path: Assets/__Images/Level 1/rough_idle.png
  artifactKey: Guid(1c2030af7122b594eb31b84af1614035) Importer(815301076,1909f56bfc062723c751e8b465ee728b)
Start importing Assets/__Images/Level 1/rough_idle.png using Guid(1c2030af7122b594eb31b84af1614035) Importer(815301076,1909f56bfc062723c751e8b465ee728b)  -> (artifact id: '7eb5cbbbd2b4f831d51385d7f93dcf4c') in 0.014098 seconds
  Import took 0.016685 seconds .

========================================================================
Received Import Request.
  Time since last request: 0.000142 seconds.
  path: Assets/__Images/Level 1/rough_idle_boy.png
  artifactKey: Guid(b6dddccccdd99e5409d5f84e2d264701) Importer(815301076,1909f56bfc062723c751e8b465ee728b)
Start importing Assets/__Images/Level 1/rough_idle_boy.png using Guid(b6dddccccdd99e5409d5f84e2d264701) Importer(815301076,1909f56bfc062723c751e8b465ee728b)  -> (artifact id: '20ca2167e3acd4af0e5a4ffbdcf8b28a') in 0.011742 seconds
  Import took 0.013999 seconds .

========================================================================
Received Import Request.
  Time since last request: 0.242993 seconds.
  path: Assets/__Images/Level 1/rough_idle_girl.png
  artifactKey: Guid(f374147c66dbe7f4285950c3622faaf1) Importer(815301076,1909f56bfc062723c751e8b465ee728b)
Start importing Assets/__Images/Level 1/rough_idle_girl.png using Guid(f374147c66dbe7f4285950c3622faaf1) Importer(815301076,1909f56bfc062723c751e8b465ee728b)  -> (artifact id: '3dd4e36d6c21ab4d80b9774ad64c52fa') in 0.011052 seconds
  Import took 0.013665 seconds .

========================================================================
Received Import Request.
  Time since last request: 0.027106 seconds.
  path: Assets/__Images/Level 1/rough_run.png
  artifactKey: Guid(53ae61de30b70d84f84d5ad4ac65d750) Importer(815301076,1909f56bfc062723c751e8b465ee728b)
Start importing Assets/__Images/Level 1/rough_run.png using Guid(53ae61de30b70d84f84d5ad4ac65d750) Importer(815301076,1909f56bfc062723c751e8b465ee728b)  -> (artifact id: '5dd1b97f8e6cdde745ff0e3373e803e0') in 0.013232 seconds
  Import took 0.015811 seconds .

========================================================================
Received Import Request.
  Time since last request: 0.031822 seconds.
  path: Assets/Medieval Warrior Pack/Sprites/Run.png
  artifactKey: Guid(19f2f91e3fdfd8740b7c57578eee70ed) Importer(815301076,1909f56bfc062723c751e8b465ee728b)
Start importing Assets/Medieval Warrior Pack/Sprites/Run.png using Guid(19f2f91e3fdfd8740b7c57578eee70ed) Importer(815301076,1909f56bfc062723c751e8b465ee728b)  -> (artifact id: 'fbbb6a54bb5c9c7697824a24f4d1e33f') in 0.019575 seconds
  Import took 0.022181 seconds .

========================================================================
Received Prepare
Registering precompiled user dll's ...
Registered in 0.000660 seconds.
Begin MonoManager ReloadAssembly
Native extension for WindowsStandalone target not found
Refreshing native plugins compatible for Editor in 0.34 ms, found 1 plugins.
Preloading 0 native plugins for Editor in 0.00 ms.
Invoked RoslynAnalysisRunner static constructor.
RoslynAnalysisRunner will not be running.
RoslynAnalysisRunner has terminated.
Mono: successfully reloaded assembly
- Completed reload, in  0.643 seconds
Platform modules already initialized, skipping
Refreshing native plugins compatible for Editor in 0.33 ms, found 1 plugins.
Preloading 0 native plugins for Editor in 0.00 ms.
Unloading 1802 Unused Serialized files (Serialized files now loaded: 0)
System memory in use before: 88.6 MB.
System memory in use after: 88.7 MB.

Unloading 8 unused Assets to reduce memory usage. Loaded Objects now: 2332.
Total: 1.599800 ms (FindLiveObjects: 0.176300 ms CreateObjectMapping: 0.039100 ms MarkObjects: 1.369100 ms  DeleteObjects: 0.014200 ms)

========================================================================
Received Import Request.
  Time since last request: 282.107467 seconds.
  path: Assets/__Animations/Player_Girl.controller
  artifactKey: Guid(76800946c9c74d64f97dec4142a88c5c) Importer(815301076,1909f56bfc062723c751e8b465ee728b)
Start importing Assets/__Animations/Player_Girl.controller using Guid(76800946c9c74d64f97dec4142a88c5c) Importer(815301076,1909f56bfc062723c751e8b465ee728b)  -> (artifact id: '9f1a6157a18b1a587bdf0ffad4c93999') in 0.014085 seconds
  Import took 0.016617 seconds .

========================================================================
Received Prepare
Registering precompiled user dll's ...
Registered in 0.000666 seconds.
Begin MonoManager ReloadAssembly
Native extension for WindowsStandalone target not found
Refreshing native plugins compatible for Editor in 0.34 ms, found 1 plugins.
Preloading 0 native plugins for Editor in 0.00 ms.
Invoked RoslynAnalysisRunner static constructor.
RoslynAnalysisRunner will not be running.
RoslynAnalysisRunner has terminated.
Mono: successfully reloaded assembly
- Completed reload, in  0.648 seconds
Platform modules already initialized, skipping
Refreshing native plugins compatible for Editor in 0.37 ms, found 1 plugins.
Preloading 0 native plugins for Editor in 0.00 ms.
Unloading 1802 Unused Serialized files (Serialized files now loaded: 0)
System memory in use before: 88.7 MB.
System memory in use after: 88.8 MB.

Unloading 8 unused Assets to reduce memory usage. Loaded Objects now: 2335.
Total: 1.505400 ms (FindLiveObjects: 0.181500 ms CreateObjectMapping: 0.039600 ms MarkObjects: 1.271900 ms  DeleteObjects: 0.011300 ms)

========================================================================
Received Prepare
Registering precompiled user dll's ...
Registered in 0.000784 seconds.
Begin MonoManager ReloadAssembly
Native extension for WindowsStandalone target not found
Refreshing native plugins compatible for Editor in 0.34 ms, found 1 plugins.
Preloading 0 native plugins for Editor in 0.00 ms.
Invoked RoslynAnalysisRunner static constructor.
RoslynAnalysisRunner will not be running.
RoslynAnalysisRunner has terminated.
Mono: successfully reloaded assembly
- Completed reload, in  0.623 seconds
Platform modules already initialized, skipping
Refreshing native plugins compatible for Editor in 0.33 ms, found 1 plugins.
Preloading 0 native plugins for Editor in 0.00 ms.
Unloading 1802 Unused Serialized files (Serialized files now loaded: 0)
System memory in use before: 88.7 MB.
System memory in use after: 88.8 MB.

Unloading 8 unused Assets to reduce memory usage. Loaded Objects now: 2338.
Total: 1.513800 ms (FindLiveObjects: 0.167800 ms CreateObjectMapping: 0.040000 ms MarkObjects: 1.295600 ms  DeleteObjects: 0.009500 ms)

========================================================================
Received Import Request.
  Time since last request: 124.252914 seconds.
  path: Assets/__Animations/Player_Boy.controller
  artifactKey: Guid(496eb92e122c6a644bdd06f8f288bff1) Importer(815301076,1909f56bfc062723c751e8b465ee728b)
Start importing Assets/__Animations/Player_Boy.controller using Guid(496eb92e122c6a644bdd06f8f288bff1) Importer(815301076,1909f56bfc062723c751e8b465ee728b)  -> (artifact id: '356e1542c20c8dafd80ff6c80a55fd8c') in 0.012651 seconds
  Import took 0.015312 seconds .

========================================================================
Received Import Request.
  Time since last request: 307.141801 seconds.
  path: Assets/__Scenes/Character Selection.unity
  artifactKey: Guid(2d1a7416f42d57a45a8528442eb3a7e9) Importer(815301076,1909f56bfc062723c751e8b465ee728b)
Start importing Assets/__Scenes/Character Selection.unity using Guid(2d1a7416f42d57a45a8528442eb3a7e9) Importer(815301076,1909f56bfc062723c751e8b465ee728b)  -> (artifact id: '9ebb5d43d6d7d46412ece16cef22722b') in 0.005790 seconds
  Import took 0.008412 seconds .

========================================================================
Received Prepare
Registering precompiled user dll's ...
Registered in 0.000689 seconds.
Begin MonoManager ReloadAssembly
Native extension for WindowsStandalone target not found
Refreshing native plugins compatible for Editor in 0.34 ms, found 1 plugins.
Preloading 0 native plugins for Editor in 0.00 ms.
Invoked RoslynAnalysisRunner static constructor.
RoslynAnalysisRunner will not be running.
RoslynAnalysisRunner has terminated.
Mono: successfully reloaded assembly
- Completed reload, in  0.632 seconds
Platform modules already initialized, skipping
Refreshing native plugins compatible for Editor in 0.34 ms, found 1 plugins.
Preloading 0 native plugins for Editor in 0.00 ms.
Unloading 1802 Unused Serialized files (Serialized files now loaded: 0)
System memory in use before: 88.9 MB.
System memory in use after: 89.0 MB.

Unloading 8 unused Assets to reduce memory usage. Loaded Objects now: 2341.
Total: 1.695700 ms (FindLiveObjects: 0.197700 ms CreateObjectMapping: 0.040800 ms MarkObjects: 1.442300 ms  DeleteObjects: 0.013600 ms)

AssetImportWorkerClient::OnTransportError - code=2 error=End of file
