Using pre-set license
Built from '2020.3/release' branch; Version is '2020.3.1f1 (77a89f25062f) revision 7841951'; Using compiler version '192528614'; Build Type 'Release'
OS: 'Windows 10 Pro; OS build 19041.867; Version 2004; 64bit' Language: 'en' Physical Memory: 32717 MB
BatchMode: 1, IsHumanControllingUs: 0, StartBugReporterOnCrash: 0, Is64bit: 1, IsPro: 0

 COMMAND LINE ARGUMENTS:
C:\Program Files\Unity\Hub\Editor\2020.3.1f1\Editor\Unity.exe
-adb2
-batchMode
-noUpm
-name
AssetImportWorker0
-projectPath
C:/School/2250/RPGGame/RPGGame
-logFile
Logs/AssetImportWorker0.log
-srvPort
50053
Successfully changed project path to: C:/School/2250/RPGGame/RPGGame
C:/School/2250/RPGGame/RPGGame
Using Asset Import Pipeline V2.
Refreshing native plugins compatible for Editor in 30.65 ms, found 1 plugins.
Preloading 0 native plugins for Editor in 0.00 ms.
Initialize engine version: 2020.3.1f1 (77a89f25062f)
[Subsystems] Discovering subsystems at path C:/Program Files/Unity/Hub/Editor/2020.3.1f1/Editor/Data/Resources/UnitySubsystems
[Subsystems] Discovering subsystems at path C:/School/2250/RPGGame/RPGGame/Assets
GfxDevice: creating device client; threaded=0
Direct3D:
    Version:  Direct3D 11.0 [level 11.1]
    Renderer: NVIDIA GeForce RTX 2070 SUPER (ID=0x1e84)
    Vendor:   
    VRAM:     8011 MB
    Driver:   27.21.14.6079
Initialize mono
Mono path[0] = 'C:/Program Files/Unity/Hub/Editor/2020.3.1f1/Editor/Data/Managed'
Mono path[1] = 'C:/Program Files/Unity/Hub/Editor/2020.3.1f1/Editor/Data/MonoBleedingEdge/lib/mono/unityjit'
Mono config path = 'C:/Program Files/Unity/Hub/Editor/2020.3.1f1/Editor/Data/MonoBleedingEdge/etc'
Using monoOptions --debugger-agent=transport=dt_socket,embedding=1,server=y,suspend=n,address=127.0.0.1:56508
Begin MonoManager ReloadAssembly
Registering precompiled unity dll's ...
Register platform support module: C:/Program Files/Unity/Hub/Editor/2020.3.1f1/Editor/Data/PlaybackEngines/WindowsStandaloneSupport/UnityEditor.WindowsStandalone.Extensions.dll
Registered in 0.001474 seconds.
Native extension for WindowsStandalone target not found
Refreshing native plugins compatible for Editor in 31.07 ms, found 1 plugins.
Preloading 0 native plugins for Editor in 0.00 ms.
Invoked RoslynAnalysisRunner static constructor.
RoslynAnalysisRunner will not be running.
RoslynAnalysisRunner has terminated.
Mono: successfully reloaded assembly
- Completed reload, in  0.852 seconds
Platform modules already initialized, skipping
Registering precompiled user dll's ...
Registered in 0.000617 seconds.
Begin MonoManager ReloadAssembly
Native extension for WindowsStandalone target not found
Refreshing native plugins compatible for Editor in 31.71 ms, found 1 plugins.
Preloading 0 native plugins for Editor in 0.00 ms.
Invoked RoslynAnalysisRunner static constructor.
RoslynAnalysisRunner will not be running.
RoslynAnalysisRunner has terminated.
Mono: successfully reloaded assembly
- Completed reload, in  0.699 seconds
Platform modules already initialized, skipping
========================================================================
Worker process is ready to serve import requests
Launched and connected shader compiler UnityShaderCompiler.exe after 0.03 seconds
Refreshing native plugins compatible for Editor in 0.33 ms, found 1 plugins.
Preloading 0 native plugins for Editor in 0.00 ms.
Unloading 1836 Unused Serialized files (Serialized files now loaded: 0)
System memory in use before: 87.0 MB.
System memory in use after: 87.1 MB.

Unloading 18 unused Assets to reduce memory usage. Loaded Objects now: 2287.
Total: 1.636500 ms (FindLiveObjects: 0.156500 ms CreateObjectMapping: 0.041900 ms MarkObjects: 1.415800 ms  DeleteObjects: 0.021000 ms)

========================================================================
Received Import Request.
  path: Assets/__Prefabs/Apple.prefab
  artifactKey: Guid(9286a42a1bc9e4633a0319898d3b8fe0) Importer(815301076,1909f56bfc062723c751e8b465ee728b)
Start importing Assets/__Prefabs/Apple.prefab using Guid(9286a42a1bc9e4633a0319898d3b8fe0) Importer(815301076,1909f56bfc062723c751e8b465ee728b)  -> (artifact id: 'f987d43dbc25eb9ab34b2858d4dd4a67') in 0.073921 seconds
  Import took 0.076382 seconds .

========================================================================
Received Import Request.
  Time since last request: 0.000136 seconds.
  path: Assets/__Prefabs/Cherry.prefab
  artifactKey: Guid(e4a236d35b7784ec28c3e74808e0f774) Importer(815301076,1909f56bfc062723c751e8b465ee728b)
Start importing Assets/__Prefabs/Cherry.prefab using Guid(e4a236d35b7784ec28c3e74808e0f774) Importer(815301076,1909f56bfc062723c751e8b465ee728b)  -> (artifact id: 'ec7ba15d2b2fca43f9d82ac7358f6cec') in 0.009331 seconds
  Import took 0.011596 seconds .

========================================================================
Received Import Request.
  Time since last request: 0.000130 seconds.
  path: Assets/__Prefabs/Strawberry.prefab
  artifactKey: Guid(94f56729645f34cc3a2f18f87a03a1ef) Importer(815301076,1909f56bfc062723c751e8b465ee728b)
Start importing Assets/__Prefabs/Strawberry.prefab using Guid(94f56729645f34cc3a2f18f87a03a1ef) Importer(815301076,1909f56bfc062723c751e8b465ee728b)  -> (artifact id: '5e50f80a73b4de1c577bd745b43d6489') in 0.008738 seconds
  Import took 0.011088 seconds .

AssetImportWorkerClient::OnTransportError - code=2 error=End of file
